0 info it worked if it ends with ok
1 verbose cli [ '/usr/local/bin/node',
1 verbose cli   '/usr/local/bin/npm',
1 verbose cli   'install',
1 verbose cli   'angular-material',
1 verbose cli   '1.0.7' ]
2 info using npm@2.14.20
3 info using node@v4.4.0
4 verbose install initial load of /Users/padua/Documents/github/Web_Transporte/package.json
5 verbose installManyTop reading scoped package data from /Users/padua/Documents/github/Web_Transporte/node_modules/2/package.json
6 verbose installManyTop reading scoped package data from /Users/padua/Documents/github/Web_Transporte/node_modules/angular/package.json
7 verbose installManyTop reading scoped package data from /Users/padua/Documents/github/Web_Transporte/node_modules/angular-animate/package.json
8 verbose installManyTop reading scoped package data from /Users/padua/Documents/github/Web_Transporte/node_modules/angular-aria/package.json
9 verbose installManyTop reading scoped package data from /Users/padua/Documents/github/Web_Transporte/node_modules/angular-material/package.json
10 verbose installManyTop reading scoped package data from /Users/padua/Documents/github/Web_Transporte/node_modules/angular-material-data-table/package.json
11 verbose installManyTop reading scoped package data from /Users/padua/Documents/github/Web_Transporte/node_modules/angular-messages/package.json
12 verbose installManyTop reading scoped package data from /Users/padua/Documents/github/Web_Transporte/node_modules/bower/package.json
13 verbose installManyTop reading scoped package data from /Users/padua/Documents/github/Web_Transporte/node_modules/http-server/package.json
14 verbose installManyTop reading scoped package data from /Users/padua/Documents/github/Web_Transporte/node_modules/jasmine-core/package.json
15 verbose installManyTop reading scoped package data from /Users/padua/Documents/github/Web_Transporte/node_modules/jquery/package.json
16 verbose installManyTop reading scoped package data from /Users/padua/Documents/github/Web_Transporte/node_modules/jqueryui/package.json
17 verbose installManyTop reading scoped package data from /Users/padua/Documents/github/Web_Transporte/node_modules/karma/package.json
18 verbose installManyTop reading scoped package data from /Users/padua/Documents/github/Web_Transporte/node_modules/karma-chrome-launcher/package.json
19 verbose installManyTop reading scoped package data from /Users/padua/Documents/github/Web_Transporte/node_modules/karma-firefox-launcher/package.json
20 verbose installManyTop reading scoped package data from /Users/padua/Documents/github/Web_Transporte/node_modules/karma-jasmine/package.json
21 verbose installManyTop reading scoped package data from /Users/padua/Documents/github/Web_Transporte/node_modules/karma-junit-reporter/package.json
22 verbose installManyTop reading scoped package data from /Users/padua/Documents/github/Web_Transporte/node_modules/protractor/package.json
23 verbose installManyTop reading scoped package data from /Users/padua/Documents/github/Web_Transporte/node_modules/shelljs/package.json
24 info package.json 2@0.0.1 No repository field.
25 info package.json 2@0.0.1 No license field.
26 info package.json angular-material@1.0.6 No license field.
27 info package.json http-server@0.6.1 No license field.
28 info package.json jqueryui@1.11.1 No README data
29 info package.json shelljs@0.2.6 No license field.
30 verbose readDependencies loading dependencies from /Users/padua/Documents/github/Web_Transporte/package.json
31 verbose install angular-material is installed as 1.0.6
32 silly cache add args [ 'angular-material@^1.0.6', null ]
33 verbose cache add spec angular-material@^1.0.6
34 silly cache add args [ '1.0.7', null ]
35 verbose cache add spec 1.0.7
36 silly cache add parsed spec Result {
36 silly cache add   raw: 'angular-material@^1.0.6',
36 silly cache add   scope: null,
36 silly cache add   name: 'angular-material',
36 silly cache add   rawSpec: '^1.0.6',
36 silly cache add   spec: '>=1.0.6 <2.0.0',
36 silly cache add   type: 'range' }
37 silly addNamed angular-material@>=1.0.6 <2.0.0
38 verbose addNamed ">=1.0.6 <2.0.0" is a valid semver range for angular-material
39 silly addNameRange { name: 'angular-material',
39 silly addNameRange   range: '>=1.0.6 <2.0.0',
39 silly addNameRange   hasData: false }
40 silly mapToRegistry name angular-material
41 silly mapToRegistry using default registry
42 silly mapToRegistry registry https://registry.npmjs.org/
43 silly mapToRegistry uri https://registry.npmjs.org/angular-material
44 verbose addNameRange registry:https://registry.npmjs.org/angular-material not in flight; fetching
45 silly cache add parsed spec Result {
45 silly cache add   raw: '1.0.7',
45 silly cache add   scope: null,
45 silly cache add   name: '1.0.7',
45 silly cache add   rawSpec: '',
45 silly cache add   spec: 'latest',
45 silly cache add   type: 'tag' }
46 silly addNamed 1.0.7@latest
47 verbose addNamed "latest" is being treated as a dist-tag for 1.0.7
48 info addNameTag [ '1.0.7', 'latest' ]
49 silly mapToRegistry name 1.0.7
50 silly mapToRegistry using default registry
51 silly mapToRegistry registry https://registry.npmjs.org/
52 silly mapToRegistry uri https://registry.npmjs.org/1.0.7
53 verbose addNameTag registry:https://registry.npmjs.org/1.0.7 not in flight; fetching
54 verbose request uri https://registry.npmjs.org/1.0.7
55 verbose request no auth needed
56 info attempt registry request try #1 at 1:35:20 PM
57 verbose request id 33ee008f2e200e01
58 http request GET https://registry.npmjs.org/1.0.7
59 verbose get https://registry.npmjs.org/angular-material not expired, no request
60 silly addNameRange number 2 { name: 'angular-material',
60 silly addNameRange   range: '>=1.0.6 <2.0.0',
60 silly addNameRange   hasData: true }
61 silly addNameRange versions [ 'angular-material',
61 silly addNameRange   [ '0.7.1',
61 silly addNameRange     '0.8.0',
61 silly addNameRange     '0.8.1',
61 silly addNameRange     '0.8.2',
61 silly addNameRange     '0.8.3',
61 silly addNameRange     '0.9.2',
61 silly addNameRange     '0.9.3',
61 silly addNameRange     '0.9.4',
61 silly addNameRange     '0.9.5',
61 silly addNameRange     '0.9.6',
61 silly addNameRange     '0.9.7',
61 silly addNameRange     '0.9.8',
61 silly addNameRange     '0.10.0',
61 silly addNameRange     '0.10.1',
61 silly addNameRange     '0.11.0',
61 silly addNameRange     '0.11.1',
61 silly addNameRange     '0.11.2',
61 silly addNameRange     '0.11.3',
61 silly addNameRange     '0.11.4',
61 silly addNameRange     '1.0.0',
61 silly addNameRange     '1.0.1',
61 silly addNameRange     '1.0.2',
61 silly addNameRange     '1.0.4',
61 silly addNameRange     '1.0.5',
61 silly addNameRange     '1.0.6' ] ]
62 silly addNamed angular-material@1.0.6
63 verbose addNamed "1.0.6" is a plain semver version for angular-material
64 silly cache afterAdd angular-material@1.0.6
65 verbose afterAdd /Users/padua/.npm/angular-material/1.0.6/package/package.json not in flight; writing
66 verbose correctMkdir /Users/padua/.npm correctMkdir not in flight; initializing
67 verbose afterAdd /Users/padua/.npm/angular-material/1.0.6/package/package.json written
68 http 404 https://registry.npmjs.org/1.0.7
69 verbose headers { 'content-type': 'application/json',
69 verbose headers   'cache-control': 'max-age=0',
69 verbose headers   'content-length': '2',
69 verbose headers   'accept-ranges': 'bytes',
69 verbose headers   date: 'Tue, 22 Mar 2016 19:35:20 GMT',
69 verbose headers   via: '1.1 varnish',
69 verbose headers   age: '0',
69 verbose headers   connection: 'keep-alive',
69 verbose headers   'x-served-by': 'cache-dfw1835-DFW',
69 verbose headers   'x-cache': 'MISS',
69 verbose headers   'x-cache-hits': '0',
69 verbose headers   'x-timer': 'S1458675320.760626,VS0,VE68' }
70 silly get cb [ 404,
70 silly get   { 'content-type': 'application/json',
70 silly get     'cache-control': 'max-age=0',
70 silly get     'content-length': '2',
70 silly get     'accept-ranges': 'bytes',
70 silly get     date: 'Tue, 22 Mar 2016 19:35:20 GMT',
70 silly get     via: '1.1 varnish',
70 silly get     age: '0',
70 silly get     connection: 'keep-alive',
70 silly get     'x-served-by': 'cache-dfw1835-DFW',
70 silly get     'x-cache': 'MISS',
70 silly get     'x-cache-hits': '0',
70 silly get     'x-timer': 'S1458675320.760626,VS0,VE68' } ]
71 verbose stack Error: Registry returned 404 for GET on https://registry.npmjs.org/1.0.7
71 verbose stack     at makeError (/usr/local/lib/node_modules/npm/node_modules/npm-registry-client/lib/request.js:264:12)
71 verbose stack     at CachingRegistryClient.<anonymous> (/usr/local/lib/node_modules/npm/node_modules/npm-registry-client/lib/request.js:242:14)
71 verbose stack     at Request._callback (/usr/local/lib/node_modules/npm/node_modules/npm-registry-client/lib/request.js:172:14)
71 verbose stack     at Request.self.callback (/usr/local/lib/node_modules/npm/node_modules/request/request.js:199:22)
71 verbose stack     at emitTwo (events.js:87:13)
71 verbose stack     at Request.emit (events.js:172:7)
71 verbose stack     at Request.<anonymous> (/usr/local/lib/node_modules/npm/node_modules/request/request.js:1036:10)
71 verbose stack     at emitOne (events.js:82:20)
71 verbose stack     at Request.emit (events.js:169:7)
71 verbose stack     at IncomingMessage.<anonymous> (/usr/local/lib/node_modules/npm/node_modules/request/request.js:963:12)
72 verbose statusCode 404
73 verbose pkgid 1.0.7
74 verbose cwd /Users/padua/Documents/github/Web_Transporte
75 error Darwin 15.3.0
76 error argv "/usr/local/bin/node" "/usr/local/bin/npm" "install" "angular-material" "1.0.7"
77 error node v4.4.0
78 error npm  v2.14.20
79 error code E404
80 error 404 Registry returned 404 for GET on https://registry.npmjs.org/1.0.7
80 error 404
80 error 404 '1.0.7' is not in the npm registry.
80 error 404 You should bug the author to publish it (or use the name yourself!)
80 error 404 It was specified as a dependency of 'angular-seed'
80 error 404
80 error 404 Note that you can also install from a
80 error 404 tarball, folder, http url, or git url.
81 verbose exit [ 1, true ]
